#
# A fatal error has been detected by the Java Runtime Environment:
#
#  Internal Error (javaClasses.cpp:129), pid=6196, tid=6808
#  fatal error: Invalid layout of preloaded class
#
# JRE version: 7.0_15-b03
# Java VM: Java HotSpot(TM) 64-Bit Server VM (23.7-b01 mixed mode windows-amd64 compressed oops)
# Failed to write core dump. Minidumps are not enabled by default on client versions of Windows
#
# If you would like to submit a bug report, please visit:
#   http://bugreport.sun.com/bugreport/crash.jsp
#

---------------  T H R E A D  ---------------

Current thread (0x00000000021fd000):  JavaThread "Unknown thread" [_thread_in_vm, id=6808, stack(0x00000000023a0000,0x00000000024a0000)]

Stack: [0x00000000023a0000,0x00000000024a0000]

---------------  P R O C E S S  ---------------

Java Threads: ( => current thread )

Other Threads:

=>0x00000000021fd000 (exited) JavaThread "Unknown thread" [_thread_in_vm, id=6808, stack(0x00000000023a0000,0x00000000024a0000)]

VM state:not at safepoint (not fully initialized)

VM Mutex/Monitor currently owned by a thread: None

GC Heap History (0 events):
No events

Deoptimization events (0 events):
No events

Internal exceptions (0 events):
No events

Events (10 events):
Event: 0.014 loading class 0x00000000022b8ff0 done
Event: 0.014 loading class 0x0000000002272920 done
Event: 0.014 loading class 0x00000000022728f0
Event: 0.015 loading class 0x00000000022c2450
Event: 0.015 loading class 0x00000000022c2450 done
Event: 0.015 loading class 0x00000000022c2490
Event: 0.015 loading class 0x00000000022c2490 done
Event: 0.015 loading class 0x00000000110fca00
Event: 0.015 loading class 0x00000000110fca00 done
Event: 0.015 loading class 0x00000000022728f0 done


Dynamic libraries:
0x000000013ffd0000 - 0x0000000140003000 	C:\Program Files\Java\jre7\bin\javaw.exe
0x0000000077710000 - 0x00000000778b9000 	C:\Windows\SYSTEM32\ntdll.dll
0x00000000774f0000 - 0x000000007760f000 	C:\Windows\system32\kernel32.dll
0x000007fefc7e0000 - 0x000007fefc84b000 	C:\Windows\system32\KERNELBASE.dll
0x000007fefeb40000 - 0x000007fefec1b000 	C:\Windows\system32\ADVAPI32.dll
0x000007fefcc70000 - 0x000007fefcd0f000 	C:\Windows\system32\msvcrt.dll
0x000007fefcfb0000 - 0x000007fefcfcf000 	C:\Windows\SYSTEM32\sechost.dll
0x000007fefcb40000 - 0x000007fefcc6d000 	C:\Windows\system32\RPCRT4.dll
0x0000000077610000 - 0x000000007770a000 	C:\Windows\system32\USER32.dll
0x000007fefd900000 - 0x000007fefd967000 	C:\Windows\system32\GDI32.dll
0x000007fefed10000 - 0x000007fefed1e000 	C:\Windows\system32\LPK.dll
0x000007fefe700000 - 0x000007fefe7c9000 	C:\Windows\system32\USP10.dll
0x000007fef96a0000 - 0x000007fef9894000 	C:\Windows\WinSxS\amd64_microsoft.windows.common-controls_6595b64144ccf1df_6.0.7601.17514_none_fa396087175ac9ac\COMCTL32.dll
0x000007fefcf30000 - 0x000007fefcfa1000 	C:\Windows\system32\SHLWAPI.dll
0x000007fefcdb0000 - 0x000007fefcdde000 	C:\Windows\system32\IMM32.DLL
0x000007fefea30000 - 0x000007fefeb39000 	C:\Windows\system32\MSCTF.dll
0x000007fefc6e0000 - 0x000007fefc70f000 	C:\Windows\system32\nvinitx.dll
0x0000000070760000 - 0x0000000070831000 	C:\Program Files\Java\jre7\bin\msvcr100.dll
0x0000000066d00000 - 0x000000006741f000 	C:\Program Files\Java\jre7\bin\server\jvm.dll
0x000007fef7420000 - 0x000007fef7429000 	C:\Windows\system32\WSOCK32.dll
0x000007fefcec0000 - 0x000007fefcf0d000 	C:\Windows\system32\WS2_32.dll
0x000007fefed20000 - 0x000007fefed28000 	C:\Windows\system32\NSI.dll
0x000007fef9bb0000 - 0x000007fef9beb000 	C:\Windows\system32\WINMM.dll
0x00000000778e0000 - 0x00000000778e7000 	C:\Windows\system32\PSAPI.DLL
0x0000000072cc0000 - 0x0000000072ccf000 	C:\Program Files\Java\jre7\bin\verify.dll
0x0000000072c90000 - 0x0000000072cb8000 	C:\Program Files\Java\jre7\bin\java.dll
0x00000000727a0000 - 0x00000000727b5000 	C:\Program Files\Java\jre7\bin\zip.dll

VM Arguments:
jvm_args: -Dfile.encoding=Cp1252 -Xbootclasspath:C:\Program Files (x86)\eclipse android SDK\sdk\platforms\android-18\android.jar 
java_command: com.starboardstudios.broadside.util.test
Launcher Type: SUN_STANDARD

Environment Variables:
PATH=C:\Program Files (x86)\NVIDIA Corporation\PhysX\Common;c:\Program Files (x86)\Intel\iCLS Client\;c:\Program Files\Intel\iCLS Client\;C:\Windows\system32;C:\Windows;C:\Windows\System32\Wbem;C:\Program Files\Intel\WiFi\bin\;C:\Program Files\Common Files\Intel\WirelessCommon\;C:\Program Files\Intel\Intel(R) Management Engine Components\DAL;C:\Program Files\Intel\Intel(R) Management Engine Components\IPT;C:\Program Files (x86)\Intel\Intel(R) Management Engine Components\DAL;C:\Program Files (x86)\Intel\Intel(R) Management Engine Components\IPT;C:\Windows\System32\WindowsPowerShell\v1.0\;C:\Program Files (x86)\Windows Kits\8.0\Windows Performance Toolkit\;C:\Program Files\Microsoft SQL Server\110\Tools\Binn\;C:\Program Files (x86)\Intel\OpenCL SDK\2.0\bin\x86;C:\Program Files (x86)\Intel\OpenCL SDK\2.0\bin\x64;C:\Windows\System32\WindowsPowerShell\v1.0\;C:\Users\Daniel R\AppData\Local\Smartbar\Application\;C:\Users\Daniel R\AppData\Local\Smartbar\Application\;c:\altera\91sp2\quartus\bin;.;;.;;.;
USERNAME=Daniel R
OS=Windows_NT
PROCESSOR_IDENTIFIER=Intel64 Family 6 Model 58 Stepping 9, GenuineIntel



---------------  S Y S T E M  ---------------

OS: Windows 7 , 64 bit Build 7601 Service Pack 1

CPU:total 8 (4 cores per cpu, 2 threads per core) family 6 model 58 stepping 9, cmov, cx8, fxsr, mmx, sse, sse2, sse3, ssse3, sse4.1, sse4.2, popcnt, avx, ht, tsc, tscinvbit, tscinv

Memory: 4k page, physical 16656700k(12667636k free), swap 33311536k(28525008k free)

vm_info: Java HotSpot(TM) 64-Bit Server VM (23.7-b01) for windows-amd64 JRE (1.7.0_15-b03), built on Feb 15 2013 13:43:57 by "java_re" with unknown MS VC++:1600

time: Thu Oct 24 20:47:34 2013
elapsed time: 0 seconds

